<?xml version="1.0" encoding="UTF-8"?>
<testsuite name="Busqueda exitosa con datos extraidos de un xlsx" tests="1" skipped="0" failures="1" errors="0" timestamp="2022-08-19T03:52:54" hostname="SQABOG-TGP2678" time="62.685">
  <properties/>
  <testcase name="Buscar en google" classname="Busqueda exitosa con datos extraidos de un xlsx" time="62.685">
    <failure message="java.lang.NumberFormatException: For input string: &quot;₹357.00&quot;" type="java.lang.NumberFormatException">java.lang.NumberFormatException: For input string: &quot;₹357.00&quot;
	at java.lang.NumberFormatException.forInputString(NumberFormatException.java:65)
	at java.lang.Integer.parseInt(Integer.java:580)
	at java.lang.Integer.parseInt(Integer.java:615)
	at steps.AutomatizaStep.validar(AutomatizaStep.java:47)
	at stepDefinitions.AutomatizaStepDefinitions.muestraResultadosEnElCarroYValida(AutomatizaStepDefinitions.java:48)
	at ✽.muestra resultados en el carro y valida(src/test/resources/features/Automatiza.feature:8)
</failure>
  </testcase>
  <system-out><![CDATA[]]></system-out>
  <system-err><![CDATA[Starting ChromeDriver 104.0.5112.79 (3cf3e8c8a07d104b9e1260c910efb8f383285dc5-refs/branch-heads/5112@{#1307}) on port 35991
Only local connections are allowed.
Please see https://chromedriver.chromium.org/security-considerations for suggestions on keeping ChromeDriver safe.
ChromeDriver was started successfully.
ago 18, 2022 10:53:14 PM org.openqa.selenium.remote.ProtocolHandshake createSession
INFORMACIÓN: Detected dialect: W3C
[Test worker] ERROR net.thucydides.core.steps.ConsoleLoggingListener - 
           __  _____ _____ ____ _____   _____ _    ___ _     _____ ____  
  _       / / |_   _| ____/ ___|_   _| |  ___/ \  |_ _| |   | ____|  _ \ 
 (_)_____| |    | | |  _| \___ \ | |   | |_ / _ \  | || |   |  _| | | | |
  _|_____| |    | | | |___ ___) || |   |  _/ ___ \ | || |___| |___| |_| |
 (_)     | |    |_| |_____|____/ |_|   |_|/_/   \_\___|_____|_____|____/ 
          \_\                                                            

TEST FAILED WITH ERROR: Buscar en google
---------------------------------------------------------------------
[Test worker] ERROR net.thucydides.core.steps.ConsoleLoggingListener - TEST FAILED AT STEP Then muestra resultados en el carro y valida
[Test worker] ERROR net.thucydides.core.steps.ConsoleLoggingListener - For input string: "?357.00"
]]></system-err>
</testsuite>
